PPZdemo/app/build/intermediates/manifest_merge_blame_file/release/manifest-merger-blame-release-report.txt
1<?xml version="1.0" encoding="utf-8"?>
2<manifest xmlns:android="http://schemas.android.com/apk/res/android"
3    package="com.qingbai.idylls"
4    android:versionCode="1"
5    android:versionName="1.0" >
6
7    <uses-sdk
8        android:minSdkVersion="16"
8-->src\main\AndroidManifest.xml
9        android:targetSdkVersion="29" />
9-->src\main\AndroidManifest.xml
10    <!-- <uses-permission android:name="android.permission.WRITE_EXTERNAL_STORAGE" /> -->
11    <!-- <uses-permission android:name="android.permission.READ_EXTERNAL_STORAGE" /> -->
12    <!-- <uses-permission android:name="android.permission.INTERNET" /> -->
13    <!-- 权限获取 -->
14    <uses-permission android:name="android.permission.SYSTEM_ALERT_WINDOW" />
14-->src\main\AndroidManifest.xml:8:5-78
14-->src\main\AndroidManifest.xml:8:22-75
15    <uses-permission android:name="android.permission.ACCESS_COARSE_LOCATION" />
15-->src\main\AndroidManifest.xml:9:5-81
15-->src\main\AndroidManifest.xml:9:22-78
16    <uses-permission android:name="android.permission.ACCESS_FINE_LOCATION" />
16-->src\main\AndroidManifest.xml:10:5-79
16-->src\main\AndroidManifest.xml:10:22-76
17    <uses-permission android:name="android.permission.ACCESS_WIFI_STATE" />
17-->src\main\AndroidManifest.xml:11:5-76
17-->src\main\AndroidManifest.xml:11:22-73
18    <uses-permission android:name="android.permission.ACCESS_NETWORK_STATE" />
18-->src\main\AndroidManifest.xml:12:5-79
18-->src\main\AndroidManifest.xml:12:22-76
19    <uses-permission android:name="android.permission.CHANGE_WIFI_STATE" />
19-->src\main\AndroidManifest.xml:13:5-76
19-->src\main\AndroidManifest.xml:13:22-73
20    <uses-permission android:name="android.permission.INTERNET" /> <!-- 允许程序设置内置sd卡的写权限 -->
20-->src\main\AndroidManifest.xml:14:5-67
20-->src\main\AndroidManifest.xml:14:22-64
21    <uses-permission android:name="android.permission.WRITE_EXTERNAL_STORAGE" /> <!-- 允许程序获取网络状态 -->
21-->src\main\AndroidManifest.xml:15:5-81
21-->src\main\AndroidManifest.xml:15:22-78
22    <uses-permission android:name="android.permission.ACCESS_NETWORK_STATE" /> <!-- 允许程序访问WiFi网络信息 -->
22-->src\main\AndroidManifest.xml:12:5-79
22-->src\main\AndroidManifest.xml:12:22-76
23    <uses-permission android:name="android.permission.ACCESS_WIFI_STATE" /> <!-- 允许程序读写手机状态和身份 -->
23-->src\main\AndroidManifest.xml:11:5-76
23-->src\main\AndroidManifest.xml:11:22-73
24    <uses-permission android:name="android.permission.READ_PHONE_STATE" /> <!-- 用于进行网络定位 -->
24-->src\main\AndroidManifest.xml:18:5-75
24-->src\main\AndroidManifest.xml:18:22-72
25    <uses-permission android:name="android.permission.ACCESS_COARSE_LOCATION" /> <!-- 用于访问GPS定位 -->
25-->src\main\AndroidManifest.xml:9:5-81
25-->src\main\AndroidManifest.xml:9:22-78
26    <uses-permission android:name="android.permission.ACCESS_FINE_LOCATION" /> <!-- 用于获取wifi的获取权限，wifi信息会用来进行网络定位 -->
26-->src\main\AndroidManifest.xml:10:5-79
26-->src\main\AndroidManifest.xml:10:22-76
27    <uses-permission android:name="android.permission.CHANGE_WIFI_STATE" /> <!-- 用于读取手机当前的状态 -->
27-->src\main\AndroidManifest.xml:13:5-76
27-->src\main\AndroidManifest.xml:13:22-73
28    <uses-permission android:name="android.permission.READ_PHONE_STATE" /> <!-- 用于申请调用A-GPS模块 -->
28-->src\main\AndroidManifest.xml:18:5-75
28-->src\main\AndroidManifest.xml:18:22-72
29    <uses-permission android:name="android.permission.ACCESS_LOCATION_EXTRA_COMMANDS" /> <!-- 获取运营商信息，用于支持提供运营商信息相关的接口 -->
29-->src\main\AndroidManifest.xml:23:5-89
29-->src\main\AndroidManifest.xml:23:22-86
30    <uses-permission android:name="android.permission.ACCESS_NETWORK_STATE" /> <!-- 用于访问wifi网络信息，wifi信息会用于进行网络定位 -->
30-->src\main\AndroidManifest.xml:12:5-79
30-->src\main\AndroidManifest.xml:12:22-76
31    <uses-permission android:name="android.permission.ACCESS_WIFI_STATE" /> <!-- 这个权限用于获取wifi的获取权限，wifi信息会用来进行网络定位 -->
31-->src\main\AndroidManifest.xml:11:5-76
31-->src\main\AndroidManifest.xml:11:22-73
32    <uses-permission android:name="android.permission.CHANGE_WIFI_STATE" /> <!-- 用于访问网络，网络定位需要上网 -->
32-->src\main\AndroidManifest.xml:13:5-76
32-->src\main\AndroidManifest.xml:13:22-73
33    <uses-permission android:name="android.permission.INTERNET" /> <!-- 用于读取手机当前的状态 -->
33-->src\main\AndroidManifest.xml:14:5-67
33-->src\main\AndroidManifest.xml:14:22-64
34    <uses-permission android:name="android.permission.READ_PHONE_STATE" /> <!-- 写入扩展存储，向扩展卡写入数据，用于写入缓存定位数据 -->
34-->src\main\AndroidManifest.xml:18:5-75
34-->src\main\AndroidManifest.xml:18:22-72
35    <uses-permission android:name="android.permission.WRITE_EXTERNAL_STORAGE" /> <!-- 调用相机权限 -->
35-->src\main\AndroidManifest.xml:15:5-81
35-->src\main\AndroidManifest.xml:15:22-78
36    <!-- <uses-permission android:name="android.permission.CAMERA" /> -->
37    <!-- To auto-complete the email text field in the login form with the user's emails -->
38    <uses-permission android:name="android.permission.GET_ACCOUNTS" />
38-->src\main\AndroidManifest.xml:32:5-71
38-->src\main\AndroidManifest.xml:32:22-68
39    <uses-permission android:name="android.permission.READ_PROFILE" />
39-->src\main\AndroidManifest.xml:33:5-71
39-->src\main\AndroidManifest.xml:33:22-68
40    <uses-permission android:name="android.permission.READ_CONTACTS" />
40-->src\main\AndroidManifest.xml:34:5-72
40-->src\main\AndroidManifest.xml:34:22-69
41    <uses-permission android:name="android.permission.READ_EXTERNAL_STORAGE" />
42
43    <application
43-->src\main\AndroidManifest.xml:36:5-77:19
44        android:allowBackup="true"
44-->src\main\AndroidManifest.xml:37:9-35
45        android:appComponentFactory="androidx.core.app.CoreComponentFactory"
45-->[androidx.core:core:1.1.0] AndroidManifest.xml:24:18-86
46        android:icon="@mipmap/ic_launcher"
46-->src\main\AndroidManifest.xml:38:9-43
47        android:label="@string/app_name"
47-->src\main\AndroidManifest.xml:39:9-41
48        android:requestLegacyExternalStorage="true"
48-->src\main\AndroidManifest.xml:40:9-52
49        android:roundIcon="@mipmap/ic_launcher_round"
49-->src\main\AndroidManifest.xml:41:9-54
50        android:supportsRtl="true"
50-->src\main\AndroidManifest.xml:42:9-35
51        android:theme="@style/AppTheme"
51-->src\main\AndroidManifest.xml:43:9-40
52        android:usesCleartextTraffic="true" >
52-->src\main\AndroidManifest.xml:44:9-44
53        <activity android:name="com.qingbai.idylls.wode.WodeLianjieActivity" />
53-->src\main\AndroidManifest.xml:45:9-62
53-->src\main\AndroidManifest.xml:45:19-59
54        <activity android:name="com.qingbai.idylls.wode.WodeShuomingActivity" />
54-->src\main\AndroidManifest.xml:46:9-63
54-->src\main\AndroidManifest.xml:46:19-60
55        <activity android:name="com.qingbai.idylls.wode.WodeVrActivity" />
55-->src\main\AndroidManifest.xml:47:9-57
55-->src\main\AndroidManifest.xml:47:19-54
56        <activity android:name="com.qingbai.idylls.wode.WodeLiulanActivity" />
56-->src\main\AndroidManifest.xml:48:9-61
56-->src\main\AndroidManifest.xml:48:19-58
57        <activity android:name="com.qingbai.idylls.wode.WodeFenxiangActivity" />
57-->src\main\AndroidManifest.xml:49:9-63
57-->src\main\AndroidManifest.xml:49:19-60
58        <activity android:name="com.qingbai.idylls.wode.WodeLiuyanActivity" />
58-->src\main\AndroidManifest.xml:50:9-61
58-->src\main\AndroidManifest.xml:50:19-58
59        <activity android:name="com.qingbai.idylls.wode.WodeShoucangActivity" />
59-->src\main\AndroidManifest.xml:51:9-63
59-->src\main\AndroidManifest.xml:51:19-60
60        <activity android:name="com.qingbai.idylls.shilu.WebActivity" />
60-->src\main\AndroidManifest.xml:52:9-55
60-->src\main\AndroidManifest.xml:52:19-52
61        <activity android:name="com.qingbai.idylls.VideoActivity" />
61-->src\main\AndroidManifest.xml:53:9-51
61-->src\main\AndroidManifest.xml:53:19-48
62        <activity android:name="com.qingbai.idylls.ImageActivity" />
62-->src\main\AndroidManifest.xml:54:9-51
62-->src\main\AndroidManifest.xml:54:19-48
63        <activity
63-->src\main\AndroidManifest.xml:55:9-57:56
64            android:name="com.qingbai.idylls.faxian.SpotActivity"
64-->src\main\AndroidManifest.xml:56:13-48
65            android:theme="@style/SpotActivityTheme" />
65-->src\main\AndroidManifest.xml:57:13-53
66        <activity
66-->src\main\AndroidManifest.xml:58:9-66:20
67            android:name="com.qingbai.idylls.MainActivity"
67-->src\main\AndroidManifest.xml:59:13-41
68            android:label="@string/app_name" >
68-->src\main\AndroidManifest.xml:60:13-45
69            <intent-filter>
69-->src\main\AndroidManifest.xml:61:13-65:29
70                <action android:name="android.intent.action.MAIN" />
70-->src\main\AndroidManifest.xml:62:17-69
70-->src\main\AndroidManifest.xml:62:25-66
71
72                <category android:name="android.intent.category.LAUNCHER" />
72-->src\main\AndroidManifest.xml:64:17-77
72-->src\main\AndroidManifest.xml:64:27-74
73            </intent-filter>
74        </activity>
75
76        <provider
76-->src\main\AndroidManifest.xml:68:9-76:20
77            android:name="androidx.core.content.FileProvider"
77-->src\main\AndroidManifest.xml:69:13-62
78            android:authorities="com.qingbai.ppztest.fileprovider"
78-->src\main\AndroidManifest.xml:70:13-67
79            android:exported="false"
79-->src\main\AndroidManifest.xml:71:13-37
80            android:grantUriPermissions="true" >
80-->src\main\AndroidManifest.xml:72:13-47
81            <meta-data
81-->src\main\AndroidManifest.xml:73:13-75:54
82                android:name="android.support.FILE_PROVIDER_PATHS"
82-->src\main\AndroidManifest.xml:74:17-67
83                android:resource="@xml/file_paths" />
83-->src\main\AndroidManifest.xml:75:17-51
84        </provider>
85        <provider
85-->[com.just.agentweb:agentweb:4.0.2] AndroidManifest.xml:12:9-20:20
86            android:name="com.just.agentweb.AgentWebFileProvider"
86-->[com.just.agentweb:agentweb:4.0.2] AndroidManifest.xml:13:13-66
87            android:authorities="com.qingbai.idylls.AgentWebFileProvider"
87-->[com.just.agentweb:agentweb:4.0.2] AndroidManifest.xml:14:13-72
88            android:exported="false"
88-->[com.just.agentweb:agentweb:4.0.2] AndroidManifest.xml:15:13-37
89            android:grantUriPermissions="true" >
89-->[com.just.agentweb:agentweb:4.0.2] AndroidManifest.xml:16:13-47
90            <meta-data
90-->src\main\AndroidManifest.xml:73:13-75:54
91                android:name="android.support.FILE_PROVIDER_PATHS"
91-->src\main\AndroidManifest.xml:74:17-67
92                android:resource="@xml/web_files_paths" />
92-->src\main\AndroidManifest.xml:75:17-51
93        </provider>
94
95        <activity
95-->[com.just.agentweb:agentweb:4.0.2] AndroidManifest.xml:22:9-29:20
96            android:name="com.just.agentweb.ActionActivity"
96-->[com.just.agentweb:agentweb:4.0.2] AndroidManifest.xml:23:13-60
97            android:configChanges="keyboardHidden|orientation|screenSize"
97-->[com.just.agentweb:agentweb:4.0.2] AndroidManifest.xml:24:13-74
98            android:exported="false"
98-->[com.just.agentweb:agentweb:4.0.2] AndroidManifest.xml:25:13-37
99            android:launchMode="standard"
99-->[com.just.agentweb:agentweb:4.0.2] AndroidManifest.xml:26:13-42
100            android:theme="@style/actionActivity"
100-->[com.just.agentweb:agentweb:4.0.2] AndroidManifest.xml:27:13-50
101            android:windowSoftInputMode="stateHidden|stateAlwaysHidden" >
101-->[com.just.agentweb:agentweb:4.0.2] AndroidManifest.xml:28:13-72
102        </activity>
103
104        <provider
104-->[androidx.lifecycle:lifecycle-process:2.2.0] AndroidManifest.xml:25:9-29:43
105            android:name="androidx.lifecycle.ProcessLifecycleOwnerInitializer"
105-->[androidx.lifecycle:lifecycle-process:2.2.0] AndroidManifest.xml:26:13-79
106            android:authorities="com.qingbai.idylls.lifecycle-process"
106-->[androidx.lifecycle:lifecycle-process:2.2.0] AndroidManifest.xml:27:13-69
107            android:exported="false"
107-->[androidx.lifecycle:lifecycle-process:2.2.0] AndroidManifest.xml:28:13-37
108            android:multiprocess="true" />
108-->[androidx.lifecycle:lifecycle-process:2.2.0] AndroidManifest.xml:29:13-40
109    </application>
110
111</manifest>